This is pdfTeX, Version 3.14159265-2.6-1.40.17 (TeX Live 2016/MacPorts 2016_1) (preloaded format=pdflatex 2016.8.10)  14 JAN 2017 17:08
entering extended mode
 restricted \write18 enabled.
 %&-line parsing enabled.
**main
(./main.tex
LaTeX2e <2016/03/31>
Babel <3.9r> and hyphenation patterns for 3 language(s) loaded.
(/opt/local/share/texmf-texlive/tex/latex/base/article.cls
Document Class: article 2014/09/29 v1.4h Standard LaTeX document class
(/opt/local/share/texmf-texlive/tex/latex/base/size11.clo
File: size11.clo 2014/09/29 v1.4h Standard LaTeX file (size option)
)
\c@part=\count79
\c@section=\count80
\c@subsection=\count81
\c@subsubsection=\count82
\c@paragraph=\count83
\c@subparagraph=\count84
\c@figure=\count85
\c@table=\count86
\abovecaptionskip=\skip41
\belowcaptionskip=\skip42
\bibindent=\dimen102
)
(/opt/local/share/texmf-texlive/tex/latex/geometry/geometry.sty
Package: geometry 2010/09/12 v5.6 Page Geometry

(/opt/local/share/texmf-texlive/tex/latex/graphics/keyval.sty
Package: keyval 2014/10/28 v1.15 key=value parser (DPC)
\KV@toks@=\toks14
)
(/opt/local/share/texmf-texlive/tex/generic/oberdiek/ifpdf.sty
Package: ifpdf 2016/05/14 v3.1 Provides the ifpdf switch
)
(/opt/local/share/texmf-texlive/tex/generic/oberdiek/ifvtex.sty
Package: ifvtex 2016/05/16 v1.6 Detect VTeX and its facilities (HO)
Package ifvtex Info: VTeX not detected.
)
(/opt/local/share/texmf-texlive/tex/generic/ifxetex/ifxetex.sty
Package: ifxetex 2010/09/12 v0.6 Provides ifxetex conditional
)
\Gm@cnth=\count87
\Gm@cntv=\count88
\c@Gm@tempcnt=\count89
\Gm@bindingoffset=\dimen103
\Gm@wd@mp=\dimen104
\Gm@odd@mp=\dimen105
\Gm@even@mp=\dimen106
\Gm@layoutwidth=\dimen107
\Gm@layoutheight=\dimen108
\Gm@layouthoffset=\dimen109
\Gm@layoutvoffset=\dimen110
\Gm@dimlist=\toks15
)
(/opt/local/share/texmf-texlive/tex/latex/amsmath/amsmath.sty
Package: amsmath 2016/03/10 v2.15b AMS math features
\@mathmargin=\skip43

For additional information on amsmath, use the `?' option.
(/opt/local/share/texmf-texlive/tex/latex/amsmath/amstext.sty
Package: amstext 2000/06/29 v2.01 AMS text

(/opt/local/share/texmf-texlive/tex/latex/amsmath/amsgen.sty
File: amsgen.sty 1999/11/30 v2.0 generic functions
\@emptytoks=\toks16
\ex@=\dimen111
))
(/opt/local/share/texmf-texlive/tex/latex/amsmath/amsbsy.sty
Package: amsbsy 1999/11/29 v1.2d Bold Symbols
\pmbraise@=\dimen112
)
(/opt/local/share/texmf-texlive/tex/latex/amsmath/amsopn.sty
Package: amsopn 2016/03/08 v2.02 operator names
)
\inf@bad=\count90
LaTeX Info: Redefining \frac on input line 199.
\uproot@=\count91
\leftroot@=\count92
LaTeX Info: Redefining \overline on input line 297.
\classnum@=\count93
\DOTSCASE@=\count94
LaTeX Info: Redefining \ldots on input line 394.
LaTeX Info: Redefining \dots on input line 397.
LaTeX Info: Redefining \cdots on input line 518.
\Mathstrutbox@=\box26
\strutbox@=\box27
\big@size=\dimen113
LaTeX Font Info:    Redeclaring font encoding OML on input line 634.
LaTeX Font Info:    Redeclaring font encoding OMS on input line 635.
\macc@depth=\count95
\c@MaxMatrixCols=\count96
\dotsspace@=\muskip10
\c@parentequation=\count97
\dspbrk@lvl=\count98
\tag@help=\toks17
\row@=\count99
\column@=\count100
\maxfields@=\count101
\andhelp@=\toks18
\eqnshift@=\dimen114
\alignsep@=\dimen115
\tagshift@=\dimen116
\tagwidth@=\dimen117
\totwidth@=\dimen118
\lineht@=\dimen119
\@envbody=\toks19
\multlinegap=\skip44
\multlinetaggap=\skip45
\mathdisplay@stack=\toks20
LaTeX Info: Redefining \[ on input line 2739.
LaTeX Info: Redefining \] on input line 2740.
)
(/opt/local/share/texmf-texlive/tex/latex/natbib/natbib.sty
Package: natbib 2010/09/13 8.31b (PWD, AO)
\bibhang=\skip46
\bibsep=\skip47
LaTeX Info: Redefining \cite on input line 694.
\c@NAT@ctr=\count102
) (./multirow.sty)
(/opt/local/share/texmf-texlive/tex/latex/tools/multicol.sty
Package: multicol 2016/04/07 v1.8p multicolumn formatting (FMi)
\c@tracingmulticols=\count103
\mult@box=\box28
\multicol@leftmargin=\dimen120
\c@unbalance=\count104
\c@collectmore=\count105
\doublecol@number=\count106
\multicoltolerance=\count107
\multicolpretolerance=\count108
\full@width=\dimen121
\page@free=\dimen122
\premulticols=\dimen123
\postmulticols=\dimen124
\multicolsep=\skip48
\multicolbaselineskip=\skip49
\partial@page=\box29
\last@line=\box30
\maxbalancingoverflow=\dimen125
\mult@rightbox=\box31
\mult@grightbox=\box32
\mult@gfirstbox=\box33
\mult@firstbox=\box34
\@tempa=\box35
\@tempa=\box36
\@tempa=\box37
\@tempa=\box38
\@tempa=\box39
\@tempa=\box40
\@tempa=\box41
\@tempa=\box42
\@tempa=\box43
\@tempa=\box44
\@tempa=\box45
\@tempa=\box46
\@tempa=\box47
\@tempa=\box48
\@tempa=\box49
\@tempa=\box50
\@tempa=\box51
\c@columnbadness=\count109
\c@finalcolumnbadness=\count110
\last@try=\dimen126
\multicolovershoot=\dimen127
\multicolundershoot=\dimen128
\mult@nat@firstbox=\box52
\colbreak@box=\box53
\mc@col@check@num=\count111
)
(/opt/local/share/texmf-texlive/tex/latex/tools/array.sty
Package: array 2014/10/28 v2.4c Tabular extension package (FMi)
\col@sep=\dimen129
\extrarowheight=\dimen130
\NC@list=\toks21
\extratabsurround=\skip50
\backup@length=\skip51
)
(/opt/local/share/texmf-texlive/tex/latex/graphics/graphicx.sty
Package: graphicx 2014/10/28 v1.0g Enhanced LaTeX Graphics (DPC,SPQR)

(/opt/local/share/texmf-texlive/tex/latex/graphics/graphics.sty
Package: graphics 2016/05/09 v1.0r Standard LaTeX Graphics (DPC,SPQR)

(/opt/local/share/texmf-texlive/tex/latex/graphics/trig.sty
Package: trig 2016/01/03 v1.10 sin cos tan (DPC)
)
(/opt/local/share/texmf-texlive/tex/latex/graphics-cfg/graphics.cfg
File: graphics.cfg 2016/01/02 v1.10 sample graphics configuration
)
Package graphics Info: Driver file: pdftex.def on input line 96.

(/opt/local/share/texmf-texlive/tex/latex/pdftex-def/pdftex.def
File: pdftex.def 2011/05/27 v0.06d Graphics/color for pdfTeX

(/opt/local/share/texmf-texlive/tex/generic/oberdiek/infwarerr.sty
Package: infwarerr 2016/05/16 v1.4 Providing info/warning/error messages (HO)
)
(/opt/local/share/texmf-texlive/tex/generic/oberdiek/ltxcmds.sty
Package: ltxcmds 2016/05/16 v1.23 LaTeX kernel commands for general use (HO)
)
\Gread@gobject=\count112
))
\Gin@req@height=\dimen131
\Gin@req@width=\dimen132
)
(/opt/local/share/texmf-texlive/tex/latex/oberdiek/epstopdf.sty
Package: epstopdf 2016/05/15 v2.6 Conversion with epstopdf on the fly (HO)

(/opt/local/share/texmf-texlive/tex/latex/oberdiek/epstopdf-base.sty
Package: epstopdf-base 2016/05/15 v2.6 Base part for package epstopdf

(/opt/local/share/texmf-texlive/tex/latex/oberdiek/grfext.sty
Package: grfext 2016/05/16 v1.2 Manage graphics extensions (HO)

(/opt/local/share/texmf-texlive/tex/generic/oberdiek/kvdefinekeys.sty
Package: kvdefinekeys 2016/05/16 v1.4 Define keys (HO)
))
(/opt/local/share/texmf-texlive/tex/latex/oberdiek/kvoptions.sty
Package: kvoptions 2016/05/16 v3.12 Key value format for package options (HO)

(/opt/local/share/texmf-texlive/tex/generic/oberdiek/kvsetkeys.sty
Package: kvsetkeys 2016/05/16 v1.17 Key value parser (HO)

(/opt/local/share/texmf-texlive/tex/generic/oberdiek/etexcmds.sty
Package: etexcmds 2016/05/16 v1.6 Avoid name clashes with e-TeX commands (HO)

(/opt/local/share/texmf-texlive/tex/generic/oberdiek/ifluatex.sty
Package: ifluatex 2016/05/16 v1.4 Provides the ifluatex switch (HO)
Package ifluatex Info: LuaTeX not detected.
)
Package etexcmds Info: Could not find \expanded.
(etexcmds)             That can mean that you are not using pdfTeX 1.50 or
(etexcmds)             that some package has redefined \expanded.
(etexcmds)             In the latter case, load this package earlier.
)))
(/opt/local/share/texmf-texlive/tex/generic/oberdiek/pdftexcmds.sty
Package: pdftexcmds 2016/05/10 v0.21 Utility functions of pdfTeX for LuaTeX (HO
)
Package pdftexcmds Info: LuaTeX not detected.
Package pdftexcmds Info: \pdf@primitive is available.
Package pdftexcmds Info: \pdf@ifprimitive is available.
Package pdftexcmds Info: \pdfdraftmode found.
)
Package grfext Info: Graphics extension search list:
(grfext)             [.png,.pdf,.jpg,.mps,.jpeg,.jbig2,.jb2,.PNG,.PDF,.JPG,.JPE
G,.JBIG2,.JB2,.eps]
(grfext)             \AppendGraphicsExtensions on input line 456.

(/opt/local/share/texmf-texlive/tex/latex/latexconfig/epstopdf-sys.cfg
File: epstopdf-sys.cfg 2010/07/13 v1.3 Configuration of (r)epstopdf for TeX Liv
e
)))
(./main.aux)
\openout1 = `main.aux'.

LaTeX Font Info:    Checking defaults for OML/cmm/m/it on input line 48.
LaTeX Font Info:    ... okay on input line 48.
LaTeX Font Info:    Checking defaults for T1/cmr/m/n on input line 48.
LaTeX Font Info:    ... okay on input line 48.
LaTeX Font Info:    Checking defaults for OT1/cmr/m/n on input line 48.
LaTeX Font Info:    ... okay on input line 48.
LaTeX Font Info:    Checking defaults for OMS/cmsy/m/n on input line 48.
LaTeX Font Info:    ... okay on input line 48.
LaTeX Font Info:    Checking defaults for OMX/cmex/m/n on input line 48.
LaTeX Font Info:    ... okay on input line 48.
LaTeX Font Info:    Checking defaults for U/cmr/m/n on input line 48.
LaTeX Font Info:    ... okay on input line 48.

*geometry* driver: auto-detecting
*geometry* detected driver: pdftex
*geometry* verbose mode - [ preamble ] result:
* driver: pdftex
* paper: letterpaper
* layout: <same size as paper>
* layoutoffset:(h,v)=(0.0pt,0.0pt)
* modes: 
* h-part:(L,W,R)=(72.26999pt, 469.75502pt, 72.26999pt)
* v-part:(T,H,B)=(72.26999pt, 650.43001pt, 72.26999pt)
* \paperwidth=614.295pt
* \paperheight=794.96999pt
* \textwidth=469.75502pt
* \textheight=650.43001pt
* \oddsidemargin=0.0pt
* \evensidemargin=0.0pt
* \topmargin=-37.0pt
* \headheight=12.0pt
* \headsep=25.0pt
* \topskip=11.0pt
* \footskip=30.0pt
* \marginparwidth=59.0pt
* \marginparsep=10.0pt
* \columnsep=10.0pt
* \skip\footins=10.0pt plus 4.0pt minus 2.0pt
* \hoffset=0.0pt
* \voffset=0.0pt
* \mag=1000
* \@twocolumnfalse
* \@twosidefalse
* \@mparswitchfalse
* \@reversemarginfalse
* (1in=72.27pt=25.4mm, 1cm=28.453pt)

(/opt/local/share/texmf-texlive/tex/context/base/mkii/supp-pdf.mkii
[Loading MPS to PDF converter (version 2006.09.02).]
\scratchcounter=\count113
\scratchdimen=\dimen133
\scratchbox=\box54
\nofMPsegments=\count114
\nofMParguments=\count115
\everyMPshowfont=\toks22
\MPscratchCnt=\count116
\MPscratchDim=\dimen134
\MPnumerator=\count117
\makeMPintoPDFobject=\count118
\everyMPtoPDFconversion=\toks23
) [1

{/opt/local/var/db/texmf/fonts/map/pdftex/updmap/pdftex.map}] [2] [3]
[4] <number_density_proj_rad.png, id=26, 969.1407pt x 770.3982pt>
File: number_density_proj_rad.png Graphic file (type png)

<use number_density_proj_rad.png>
Package pdftex.def Info: number_density_proj_rad.png used on input line 108.
(pdftex.def)             Requested size: 187.89914pt x 149.36302pt.

<number_density_proj_snwind.png, id=28, 969.1407pt x 770.3982pt>
File: number_density_proj_snwind.png Graphic file (type png)

<use number_density_proj_snwind.png>
Package pdftex.def Info: number_density_proj_snwind.png used on input line 109.

(pdftex.def)             Requested size: 187.89914pt x 149.36302pt.

<O_proj_rad.png, id=29, 969.1407pt x 770.3982pt>
File: O_proj_rad.png Graphic file (type png)
 <use O_proj_rad.png>
Package pdftex.def Info: O_proj_rad.png used on input line 111.
(pdftex.def)             Requested size: 187.89914pt x 149.36302pt.

<O_proj_snwind.png, id=30, 969.1407pt x 770.3982pt>
File: O_proj_snwind.png Graphic file (type png)
 <use O_proj_snwind.png>
Package pdftex.def Info: O_proj_snwind.png used on input line 112.
(pdftex.def)             Requested size: 187.89914pt x 149.36302pt.

[5] [6 <./number_density_proj_rad.png> <./number_density_proj_snwind.png> <./O_
proj_rad.png> <./O_proj_snwind.png>]
Underfull \hbox (badness 10000) in paragraph at lines 129--129
[]|\OT1/cmr/m/n/9 Model
 []


Underfull \hbox (badness 1337) in paragraph at lines 129--129
[]|\OT1/cmr/m/n/9 Gas Mass
 []


Underfull \hbox (badness 10000) in paragraph at lines 129--129
[]|\OT1/cmr/m/n/9 Total
 []


Underfull \hbox (badness 10000) in paragraph at lines 129--129
\OT1/cmr/m/n/9 SU
 []


Underfull \hbox (badness 10000) in paragraph at lines 154--154
[]|\OT1/cmr/m/n/9 Model
 []


Overfull \hbox (4.20187pt too wide) in paragraph at lines 154--154
[]|\OT1/cmr/m/n/9 Number
 []


Underfull \hbox (badness 10000) in paragraph at lines 154--154
\OT1/cmr/m/n/9 of
 []


Underfull \hbox (badness 7925) in paragraph at lines 154--154
[]|\OT1/cmr/m/n/9 Memory Per
 []


Underfull \hbox (badness 10000) in paragraph at lines 154--154
[]|\OT1/cmr/m/n/9 Required
 []


Underfull \hbox (badness 10000) in paragraph at lines 154--154
\OT1/cmr/m/n/9 Stor-age
 []

[7] [8] [9]
LaTeX Font Info:    Try loading font information for OMS+cmr on input line 231.

 (/opt/local/share/texmf-texlive/tex/latex/base/omscmr.fd
File: omscmr.fd 2014/09/29 v2.5h Standard LaTeX font definitions
)
LaTeX Font Info:    Font shape `OMS/cmr/m/n' in size <10.95> not available
(Font)              Font shape `OMS/cmsy/m/n' tried instead on input line 231.
 [10]
[11

] <enzo_levels.png, id=62, 1734.48pt x 433.62pt>
File: enzo_levels.png Graphic file (type png)
 <use enzo_levels.png>
Package pdftex.def Info: enzo_levels.png used on input line 298.
(pdftex.def)             Requested size: 422.77664pt x 105.69196pt.

[12 <./enzo_levels.png>] <enzo_scaling.png, id=67, 433.62pt x 433.62pt>
File: enzo_scaling.png Graphic file (type png)

<use enzo_scaling.png>
Package pdftex.def Info: enzo_scaling.png used on input line 325.
(pdftex.def)             Requested size: 150.32504pt x 150.32687pt.
 [13 <./enzo_scaling.png>] (./main.bbl [14

] [15] [16])
[17] (./main.aux) ) 
Here is how much of TeX's memory you used:
 3474 strings out of 494946
 48625 string characters out of 6180906
 137367 words of memory out of 5000000
 6715 multiletter control sequences out of 15000+600000
 11937 words of font info for 44 fonts, out of 8000000 for 9000
 14 hyphenation exceptions out of 8191
 42i,12n,32p,2211b,366s stack positions out of 5000i,500n,10000p,200000b,80000s
</opt/local/share/texmf-texlive/fonts/type1/public/amsfonts/
cm/cmbx10.pfb></opt/local/share/texmf-texlive/fonts/type1/public/amsfonts/cm/cm
bx12.pfb></opt/local/share/texmf-texlive/fonts/type1/public/amsfonts/cm/cmcsc10
.pfb></opt/local/share/texmf-texlive/fonts/type1/public/amsfonts/cm/cmmi10.pfb>
</opt/local/share/texmf-texlive/fonts/type1/public/amsfonts/cm/cmr10.pfb></opt/
local/share/texmf-texlive/fonts/type1/public/amsfonts/cm/cmr12.pfb></opt/local/
share/texmf-texlive/fonts/type1/public/amsfonts/cm/cmr17.pfb></opt/local/share/
texmf-texlive/fonts/type1/public/amsfonts/cm/cmr6.pfb></opt/local/share/texmf-t
exlive/fonts/type1/public/amsfonts/cm/cmr7.pfb></opt/local/share/texmf-texlive/
fonts/type1/public/amsfonts/cm/cmr8.pfb></opt/local/share/texmf-texlive/fonts/t
ype1/public/amsfonts/cm/cmr9.pfb></opt/local/share/texmf-texlive/fonts/type1/pu
blic/amsfonts/cm/cmsy10.pfb></opt/local/share/texmf-texlive/fonts/type1/public/
amsfonts/cm/cmsy6.pfb></opt/local/share/texmf-texlive/fonts/type1/public/amsfon
ts/cm/cmsy7.pfb></opt/local/share/texmf-texlive/fonts/type1/public/amsfonts/cm/
cmsy8.pfb></opt/local/share/texmf-texlive/fonts/type1/public/amsfonts/cm/cmtt10
.pfb>
Output written on main.pdf (17 pages, 1019534 bytes).
PDF statistics:
 136 PDF objects out of 1000 (max. 8388607)
 88 compressed objects within 1 object stream
 0 named destinations out of 1000 (max. 500000)
 31 words of extra memory for PDF output out of 10000 (max. 10000000)

